<?xml version="1.0" encoding="UTF-8"?>
<testsuite xmlns:xsi="http://www.w3.org/2001/XMLSchema-instance" xsi:noNamespaceSchemaLocation="https://maven.apache.org/surefire/maven-surefire-plugin/xsd/surefire-test-report-3.0.xsd" version="3.0" name="org.solent.com504.oodd.bank.client.cardcheck.RegexCardValidatorTest" time="0.059" tests="2" errors="0" skipped="0" failures="1">
  <properties>
[...]
</properties>
  <testcase name="testIsValid" classname="org.solent.com504.oodd.bank.client.cardcheck.RegexCardValidatorTest" time="0.017">
    <failure message="expected:&lt;null&gt; but was:&lt;org.solent.com504.oodd.bank.client.cardcheck.CardValidationResult@10db82ae&gt;" type="java.lang.AssertionError"><![CDATA[java.lang.AssertionError: expected:<null> but was:<org.solent.com504.oodd.bank.client.cardcheck.CardValidationResult@10db82ae>
	at org.solent.com504.oodd.bank.client.cardcheck.RegexCardValidatorTest.testIsValid(RegexCardValidatorTest.java:48)
]]></failure>
    <system-out><![CDATA[isValid
]]></system-out>
  </testcase>
  <testcase name="testLuhnCheck" classname="org.solent.com504.oodd.bank.client.cardcheck.RegexCardValidatorTest" time="0"/>
</testsuite>